<?xml version="1.0" encoding="UTF-8"?>
<!-- Generated by org.testng.reporters.JUnitXMLReporter -->
<testsuite hostname="IN-komehta-W1" ignored="0" name="getNumberOfTravelBlogsAndClickOnSpecificOne" tests="2" failures="2" timestamp="2020-01-16T22:05:37 IST" time="239.122" errors="0">
  <testcase name="getNumberOfTravelBlogsAndClickOnSpecificOne" time="26.595" classname="mmtTestCases.MiscTestCases">
    <failure type="org.openqa.selenium.WebDriverException" message="An unknown server-side error occurred while processing the command. Original error: Could not proxy command to remote server. Original error: Error: connect ECONNREFUSED 127.0.0.1:8202
Build info: version: &amp;apos;3.141.59&amp;apos;, revision: &amp;apos;e82be7d358&amp;apos;, time: &amp;apos;2018-11-14T08:17:03&amp;apos;
System info: host: &amp;apos;IN-KOMEHTA-W1&amp;apos;, ip: &amp;apos;192.168.0.103&amp;apos;, os.name: &amp;apos;Windows 10&amp;apos;, os.arch: &amp;apos;amd64&amp;apos;, os.version: &amp;apos;10.0&amp;apos;, java.version: &amp;apos;1.8.0_231&amp;apos;
Driver info: io.appium.java_client.AppiumDriver
Capabilities {app: C:\Users\komehta\git\Appium..., appActivity: com.mmt.travel.app.home.ui...., appPackage: com.makemytrip, automationName: UiAutomator2, databaseEnabled: false, desired: {app: C:\Users\komehta\git\Appium..., appActivity: com.mmt.travel.app.home.ui...., appPackage: com.makemytrip, automationName: UiAutomator2, deviceName: emulator-5556, platformName: android, systemPort: 8202, udid: emulator-5556, unlockKey: 1, unlockType: fingerprint}, deviceApiLevel: 27, deviceManufacturer: Google, deviceModel: Android SDK built for x86, deviceName: emulator-5556, deviceScreenDensity: 560, deviceScreenSize: 1440x2960, deviceUDID: emulator-5556, javascriptEnabled: true, locationContextEnabled: false, networkConnectionEnabled: true, pixelRatio: 3.5, platform: LINUX, platformName: android, platformVersion: 8.1.0, statBarHeight: 84, systemPort: 8202, takesScreenshot: true, udid: emulator-5556, unlockKey: 1, unlockType: fingerprint, viewportRect: {height: 2708, left: 0, top: 84, width: 1440}, warnings: {}, webStorageEnabled: false}
Session ID: d2a2c8ad-40f8-4f59-a67d-82e02caf6095
*** Element info: {Using=xpath, value=//android.widget.TextView[@text=&amp;apos;Travel Blogs&amp;apos;]}">
      <![CDATA[org.openqa.selenium.WebDriverException: An unknown server-side error occurred while processing the command. Original error: Could not proxy command to remote server. Original error: Error: connect ECONNREFUSED 127.0.0.1:8202
Build info: version: '3.141.59', revision: 'e82be7d358', time: '2018-11-14T08:17:03'
System info: host: 'IN-KOMEHTA-W1', ip: '192.168.0.103', os.name: 'Windows 10', os.arch: 'amd64', os.version: '10.0', java.version: '1.8.0_231'
Driver info: io.appium.java_client.AppiumDriver
Capabilities {app: C:\Users\komehta\git\Appium..., appActivity: com.mmt.travel.app.home.ui...., appPackage: com.makemytrip, automationName: UiAutomator2, databaseEnabled: false, desired: {app: C:\Users\komehta\git\Appium..., appActivity: com.mmt.travel.app.home.ui...., appPackage: com.makemytrip, automationName: UiAutomator2, deviceName: emulator-5556, platformName: android, systemPort: 8202, udid: emulator-5556, unlockKey: 1, unlockType: fingerprint}, deviceApiLevel: 27, deviceManufacturer: Google, deviceModel: Android SDK built for x86, deviceName: emulator-5556, deviceScreenDensity: 560, deviceScreenSize: 1440x2960, deviceUDID: emulator-5556, javascriptEnabled: true, locationContextEnabled: false, networkConnectionEnabled: true, pixelRatio: 3.5, platform: LINUX, platformName: android, platformVersion: 8.1.0, statBarHeight: 84, systemPort: 8202, takesScreenshot: true, udid: emulator-5556, unlockKey: 1, unlockType: fingerprint, viewportRect: {height: 2708, left: 0, top: 84, width: 1440}, warnings: {}, webStorageEnabled: false}
Session ID: d2a2c8ad-40f8-4f59-a67d-82e02caf6095
*** Element info: {Using=xpath, value=//android.widget.TextView[@text='Travel Blogs']}
at org.openqa.selenium.remote.http.W3CHttpResponseCodec.createException(W3CHttpResponseCodec.java:187)
at org.openqa.selenium.remote.http.W3CHttpResponseCodec.decode(W3CHttpResponseCodec.java:122)
at org.openqa.selenium.remote.http.W3CHttpResponseCodec.decode(W3CHttpResponseCodec.java:49)
at org.openqa.selenium.remote.HttpCommandExecutor.execute(HttpCommandExecutor.java:158)
at io.appium.java_client.remote.AppiumCommandExecutor.execute(AppiumCommandExecutor.java:239)
at org.openqa.selenium.remote.RemoteWebDriver.execute(RemoteWebDriver.java:552)
at io.appium.java_client.DefaultGenericMobileDriver.execute(DefaultGenericMobileDriver.java:41)
at io.appium.java_client.AppiumDriver.execute(AppiumDriver.java:1)
at org.openqa.selenium.remote.RemoteWebDriver.findElements(RemoteWebDriver.java:353)
at io.appium.java_client.DefaultGenericMobileDriver.findElements(DefaultGenericMobileDriver.java:53)
at io.appium.java_client.AppiumDriver.findElements(AppiumDriver.java:178)
at org.openqa.selenium.remote.RemoteWebDriver.findElementsByXPath(RemoteWebDriver.java:432)
at io.appium.java_client.DefaultGenericMobileDriver.findElementsByXPath(DefaultGenericMobileDriver.java:155)
at io.appium.java_client.AppiumDriver.findElementsByXPath(AppiumDriver.java:211)
at org.openqa.selenium.By$ByXPath.findElements(By.java:348)
at org.openqa.selenium.remote.RemoteWebDriver.findElements(RemoteWebDriver.java:311)
at io.appium.java_client.DefaultGenericMobileDriver.findElements(DefaultGenericMobileDriver.java:49)
at io.appium.java_client.AppiumDriver.findElements(AppiumDriver.java:173)
at mmtPageLogic.mmtHomePageFunctions.getTravelBlogDetails(mmtHomePageFunctions.java:91)
at mmtTestCases.MiscTestCases.getNumberOfTravelBlogsAndClickOnSpecificOne(MiscTestCases.java:56)
at java.util.ArrayList.forEach(Unknown Source)
at java.util.concurrent.FutureTask.run(Unknown Source)
at java.util.concurrent.ThreadPoolExecutor.runWorker(Unknown Source)
at java.util.concurrent.ThreadPoolExecutor$Worker.run(Unknown Source)
at java.lang.Thread.run(Unknown Source)
... Removed 22 stack frames]]>
    </failure>
  </testcase> <!-- getNumberOfTravelBlogsAndClickOnSpecificOne -->
  <testcase name="getNumberOfTravelBlogsAndClickOnSpecificOne" time="27.259" classname="mmtTestCases.MiscTestCases">
    <failure type="java.lang.AssertionError" message="null">
      <![CDATA[java.lang.AssertionError: null
at mmtPageLogic.mmtHomePageFunctions.getTravelBlogDetails(mmtHomePageFunctions.java:93)
at mmtTestCases.MiscTestCases.getNumberOfTravelBlogsAndClickOnSpecificOne(MiscTestCases.java:56)
at java.util.ArrayList.forEach(Unknown Source)
at java.util.concurrent.FutureTask.run(Unknown Source)
at java.util.concurrent.ThreadPoolExecutor.runWorker(Unknown Source)
at java.util.concurrent.ThreadPoolExecutor$Worker.run(Unknown Source)
at java.lang.Thread.run(Unknown Source)
... Removed 20 stack frames]]>
    </failure>
  </testcase> <!-- getNumberOfTravelBlogsAndClickOnSpecificOne -->
</testsuite> <!-- getNumberOfTravelBlogsAndClickOnSpecificOne -->
