<?xml version="1.0" encoding="UTF-8"?>
<!-- Generated by org.testng.reporters.JUnitXMLReporter -->
<testsuite hostname="IN-komehta-W1" ignored="0" name="MISCTESTS" tests="3" failures="0" timestamp="2020-01-16T23:36:34 IST" time="36.894" errors="0">
  <testcase name="getNumberOfTravelBlogsAndClickOnSpecificOne" time="0.0" classname="mmtTestCases.MiscTestCases">
    <skipped/>
  </testcase> <!-- getNumberOfTravelBlogsAndClickOnSpecificOne -->
  <testcase name="scrollToRails" time="0.0" classname="mmtTestCases.MiscTestCases">
    <skipped/>
  </testcase> <!-- scrollToRails -->
  <testcase name="getNumberOfTravelBlogsAndClickOnSpecificOne" time="0.0" classname="mmtTestCases.MiscTestCases">
    <skipped/>
  </testcase> <!-- getNumberOfTravelBlogsAndClickOnSpecificOne -->
</testsuite> <!-- MISCTESTS -->
