<?xml version="1.0" encoding="UTF-8"?>
<!-- Generated by org.testng.reporters.JUnitXMLReporter -->
<testsuite hostname="IN-komehta-W1" ignored="0" name="scrollToRails" tests="4" failures="1" timestamp="2020-01-16T22:03:09 IST" time="90.891" errors="0">
  <testcase name="scrollToRails" time="22.761" classname="mmtTestCases.MiscTestCases"/>
  <testcase name="scrollToRails" time="20.934" classname="mmtTestCases.MiscTestCases">
    <failure type="org.openqa.selenium.NoSuchSessionException" message="A session is either terminated or not started
Build info: version: &amp;apos;3.141.59&amp;apos;, revision: &amp;apos;e82be7d358&amp;apos;, time: &amp;apos;2018-11-14T08:17:03&amp;apos;
System info: host: &amp;apos;IN-KOMEHTA-W1&amp;apos;, ip: &amp;apos;192.168.0.103&amp;apos;, os.name: &amp;apos;Windows 10&amp;apos;, os.arch: &amp;apos;amd64&amp;apos;, os.version: &amp;apos;10.0&amp;apos;, java.version: &amp;apos;1.8.0_231&amp;apos;
Driver info: io.appium.java_client.AppiumDriver
Capabilities {app: C:\Users\komehta\git\Appium..., appActivity: com.mmt.travel.app.home.ui...., appPackage: com.makemytrip, automationName: UiAutomator2, databaseEnabled: false, desired: {app: C:\Users\komehta\git\Appium..., appActivity: com.mmt.travel.app.home.ui...., appPackage: com.makemytrip, automationName: UiAutomator2, deviceName: emulator-5554, platformName: android, systemPort: 8201, udid: emulator-5554, unlockKey: 1, unlockType: fingerprint}, deviceApiLevel: 27, deviceManufacturer: Google, deviceModel: Android SDK built for x86, deviceName: emulator-5554, deviceScreenDensity: 560, deviceScreenSize: 1440x2560, deviceUDID: emulator-5554, javascriptEnabled: true, locationContextEnabled: false, networkConnectionEnabled: true, pixelRatio: 3.5, platform: LINUX, platformName: android, platformVersion: 8.1.0, statBarHeight: 84, systemPort: 8201, takesScreenshot: true, udid: emulator-5554, unlockKey: 1, unlockType: fingerprint, viewportRect: {height: 2308, left: 0, top: 84, width: 1440}, warnings: {}, webStorageEnabled: false}
Session ID: 2899233e-b8f1-40aa-8f16-2e7a61240e1a
*** Element info: {Using=xpath, value=//*[@text=&amp;apos;Rails&amp;apos;]}">
      <![CDATA[org.openqa.selenium.NoSuchSessionException: A session is either terminated or not started
Build info: version: '3.141.59', revision: 'e82be7d358', time: '2018-11-14T08:17:03'
System info: host: 'IN-KOMEHTA-W1', ip: '192.168.0.103', os.name: 'Windows 10', os.arch: 'amd64', os.version: '10.0', java.version: '1.8.0_231'
Driver info: io.appium.java_client.AppiumDriver
Capabilities {app: C:\Users\komehta\git\Appium..., appActivity: com.mmt.travel.app.home.ui...., appPackage: com.makemytrip, automationName: UiAutomator2, databaseEnabled: false, desired: {app: C:\Users\komehta\git\Appium..., appActivity: com.mmt.travel.app.home.ui...., appPackage: com.makemytrip, automationName: UiAutomator2, deviceName: emulator-5554, platformName: android, systemPort: 8201, udid: emulator-5554, unlockKey: 1, unlockType: fingerprint}, deviceApiLevel: 27, deviceManufacturer: Google, deviceModel: Android SDK built for x86, deviceName: emulator-5554, deviceScreenDensity: 560, deviceScreenSize: 1440x2560, deviceUDID: emulator-5554, javascriptEnabled: true, locationContextEnabled: false, networkConnectionEnabled: true, pixelRatio: 3.5, platform: LINUX, platformName: android, platformVersion: 8.1.0, statBarHeight: 84, systemPort: 8201, takesScreenshot: true, udid: emulator-5554, unlockKey: 1, unlockType: fingerprint, viewportRect: {height: 2308, left: 0, top: 84, width: 1440}, warnings: {}, webStorageEnabled: false}
Session ID: 2899233e-b8f1-40aa-8f16-2e7a61240e1a
*** Element info: {Using=xpath, value=//*[@text='Rails']}
at org.openqa.selenium.remote.http.W3CHttpResponseCodec.createException(W3CHttpResponseCodec.java:187)
at org.openqa.selenium.remote.http.W3CHttpResponseCodec.decode(W3CHttpResponseCodec.java:122)
at org.openqa.selenium.remote.http.W3CHttpResponseCodec.decode(W3CHttpResponseCodec.java:49)
at org.openqa.selenium.remote.HttpCommandExecutor.execute(HttpCommandExecutor.java:158)
at io.appium.java_client.remote.AppiumCommandExecutor.execute(AppiumCommandExecutor.java:239)
at org.openqa.selenium.remote.RemoteWebDriver.execute(RemoteWebDriver.java:552)
at io.appium.java_client.DefaultGenericMobileDriver.execute(DefaultGenericMobileDriver.java:41)
at io.appium.java_client.AppiumDriver.execute(AppiumDriver.java:1)
at org.openqa.selenium.remote.RemoteWebDriver.findElement(RemoteWebDriver.java:323)
at io.appium.java_client.DefaultGenericMobileDriver.findElement(DefaultGenericMobileDriver.java:61)
at io.appium.java_client.AppiumDriver.findElement(AppiumDriver.java:1)
at org.openqa.selenium.remote.RemoteWebDriver.findElementByXPath(RemoteWebDriver.java:428)
at io.appium.java_client.DefaultGenericMobileDriver.findElementByXPath(DefaultGenericMobileDriver.java:151)
at io.appium.java_client.AppiumDriver.findElementByXPath(AppiumDriver.java:1)
at org.openqa.selenium.By$ByXPath.findElement(By.java:353)
at org.openqa.selenium.remote.RemoteWebDriver.findElement(RemoteWebDriver.java:315)
at io.appium.java_client.DefaultGenericMobileDriver.findElement(DefaultGenericMobileDriver.java:57)
at io.appium.java_client.AppiumDriver.findElement(AppiumDriver.java:1)
at org.openqa.selenium.support.ui.ExpectedConditions$7.apply(ExpectedConditions.java:205)
at org.openqa.selenium.support.ui.ExpectedConditions$7.apply(ExpectedConditions.java:201)
at org.openqa.selenium.support.ui.FluentWait.until(FluentWait.java:249)
at mmtPageLogic.mmtHomePageFunctions.openRailBooking(mmtHomePageFunctions.java:78)
at mmtTestCases.MiscTestCases.scrollToRails(MiscTestCases.java:28)
at java.util.ArrayList.forEach(Unknown Source)
at java.util.concurrent.FutureTask.run(Unknown Source)
at java.util.concurrent.ThreadPoolExecutor.runWorker(Unknown Source)
at java.util.concurrent.ThreadPoolExecutor$Worker.run(Unknown Source)
at java.lang.Thread.run(Unknown Source)
... Removed 22 stack frames]]>
    </failure>
  </testcase> <!-- scrollToRails -->
  <testcase name="getNumberOfTravelBlogsAndClickOnSpecificOne" time="0.0" classname="mmtTestCases.MiscTestCases">
    <skipped/>
  </testcase> <!-- getNumberOfTravelBlogsAndClickOnSpecificOne -->
  <testcase name="getNumberOfTravelBlogsAndClickOnSpecificOne" time="0.0" classname="mmtTestCases.MiscTestCases">
    <skipped/>
  </testcase> <!-- getNumberOfTravelBlogsAndClickOnSpecificOne -->
</testsuite> <!-- scrollToRails -->
