<?xml version="1.0" encoding="UTF-8"?>
<!-- Generated by org.testng.reporters.JUnitXMLReporter -->
<testsuite hostname="IN-komehta-W1" ignored="5" name="Default test" tests="1" failures="0" timestamp="2020-01-08T20:19:08 IST" time="72.646" errors="0">
  <testcase name="scrollToRails" time="17.34" classname="mmtTestCases.TestCases"/>
  <testcase name="flightBooking" time="0.0" classname="mmtTestCases.TestCases">
    <ignored/>
  </testcase> <!-- flightBooking -->
  <testcase name="getPriciestPremiumHotelDetails" time="0.0" classname="mmtTestCases.TestCases">
    <ignored/>
  </testcase> <!-- getPriciestPremiumHotelDetails -->
  <testcase name="bookingDateToastMessage" time="0.0" classname="mmtTestCases.TestCases">
    <ignored/>
  </testcase> <!-- bookingDateToastMessage -->
  <testcase name="BookingAdultLimitToastMessage" time="0.0" classname="mmtTestCases.TestCases">
    <ignored/>
  </testcase> <!-- BookingAdultLimitToastMessage -->
  <testcase name="getNumberOfTravelBlogsAndClickOnSpecificOne" time="0.0" classname="mmtTestCases.TestCases">
    <ignored/>
  </testcase> <!-- getNumberOfTravelBlogsAndClickOnSpecificOne -->
</testsuite> <!-- Default test -->
