<?xml version="1.0" encoding="UTF-8"?>
<!-- Generated by org.testng.reporters.JUnitXMLReporter -->
<testsuite hostname="IN-komehta-W1" ignored="3" name="Default test" tests="1" failures="0" timestamp="2020-01-06T21:39:52 IST" time="123.495" errors="0">
  <testcase name="getPriciestPremiumHotelDetails" time="123.326" classname="mmtTestCases.TestCases"/>
  <testcase name="flightBooking" time="0.0" classname="mmtTestCases.TestCases">
    <ignored/>
  </testcase> <!-- flightBooking -->
  <testcase name="bookRails" time="0.0" classname="mmtTestCases.TestCases">
    <ignored/>
  </testcase> <!-- bookRails -->
  <testcase name="getNumberOfTravelBlogsAndClickOnSpecificOne" time="0.0" classname="mmtTestCases.TestCases">
    <ignored/>
  </testcase> <!-- getNumberOfTravelBlogsAndClickOnSpecificOne -->
</testsuite> <!-- Default test -->
